Mono path[0] = 'S:/games/RimWorld/RimWorldWin64_Data/Managed'
Mono config path = 'S:/games/RimWorld/MonoBleedingEdge/etc'
Initialize engine version: 2019.4.30f1 (e8c891080a1f)
[Subsystems] Discovering subsystems at path S:/games/RimWorld/RimWorldWin64_Data/UnitySubsystems
GfxDevice: creating device client; threaded=1
Direct3D:
    Version:  Direct3D 11.0 [level 11.1]
    Renderer: AMD Radeon RX 6600 (ID=0x73ff)
    Vendor:   
    VRAM:     8146 MB
    Driver:   32.0.11037.4004
Begin MonoManager ReloadAssembly
- Completed reload, in  2.317 seconds
D3D11 device created for Microsoft Media Foundation video decoding.
<RI> Initializing input.
<RI> Input initialized.
<RI> Initialized touch support.
UnloadTime: 0.703200 ms
RimWorld 1.5.4241 rev599
Tried loading mod with the same packageId multiple times: brrainz.harmony. Ignoring the duplicates.
S:\games\RimWorld\Mods\HarmonyMod
S:\games\RimWorld\Mods\2009463077 
(Filename: C:\buildslave\unity\build\Runtime/Export/Debug/Debug.bindings.h Line: 39)

Mod RIMMSLoadUp is missing packageId in About.xml! (example: <packageId>AuthorName.ModName.Specific</packageId>) 
(Filename: C:\buildslave\unity\build\Runtime/Export/Debug/Debug.bindings.h Line: 39)

Mod Stackable Chunks [1.4+] <packageId> (zhrocks11.stackablechunks_copy) is not in valid format. 
(Filename: C:\buildslave\unity\build\Runtime/Export/Debug/Debug.bindings.h Line: 39)

Mod Kurin Port Edition dependency (brrainz.harmony) needs to have <downloadUrl> and/or <steamWorkshopUrl> specified. 
(Filename: C:\buildslave\unity\build\Runtime/Export/Debug/Debug.bindings.h Line: 39)

Tried loading mod with the same packageId multiple times: brrainz.harmony. Ignoring the duplicates.
S:\games\RimWorld\Mods\HarmonyMod
S:\games\RimWorld\Mods\2009463077 
(Filename: C:\buildslave\unity\build\Runtime/Export/Debug/Debug.bindings.h Line: 39)

Setting up 12 worker threads for Enlighten.
  Thread -> id: 4434 -> priority: 1 
  Thread -> id: 4594 -> priority: 1 
  Thread -> id: 44d8 -> priority: 1 
  Thread -> id: 434c -> priority: 1 
  Thread -> id: 4340 -> priority: 1 
  Thread -> id: 4578 -> priority: 1 
  Thread -> id: 1464 -> priority: 1 
  Thread -> id: 44dc -> priority: 1 
  Thread -> id: 433c -> priority: 1 
  Thread -> id: 44e0 -> priority: 1 
  Thread -> id: 4350 -> priority: 1 
  Thread -> id: 4550 -> priority: 1 
Exception loading GauranlenTreeExpanded.dll: System.Threading.ThreadAbortException
  at (wrapper managed-to-native) System.Reflection.Assembly.LoadFrom(string,bool)
  at System.Reflection.Assembly.LoadFrom (System.String assemblyFile, System.Security.Policy.Evidence securityEvidence) [0x00000] in <eae584ce26bc40229c1b1aa476bfa589>:0 
  at System.Reflection.Assembly.LoadFile (System.String path, System.Security.Policy.Evidence securityEvidence) [0x0002b] in <eae584ce26bc40229c1b1aa476bfa589>:0 
  at System.Reflection.Assembly.LoadFile (System.String path) [0x00000] in <eae584ce26bc40229c1b1aa476bfa589>:0 
  at Verse.ModAssemblyHandler.ReloadAll () [0x000ac] in <a61e96a8ed6f409dac0dded8f29844b6>:0  
(Filename: C:\buildslave\unity\build\Runtime/Export/Debug/Debug.bindings.h Line: 39)

Could not reload mod content for mod Mlie.GauranlenTreeExpanded: System.Threading.ThreadAbortException
  at Verse.ModAssemblyHandler.ReloadAll () [0x000cd] in <a61e96a8ed6f409dac0dded8f29844b6>:0 
  at Verse.ModContentPack.ReloadContent (System.Boolean hotReload) [0x0002b] in <a61e96a8ed6f409dac0dded8f29844b6>:0 
  at Verse.LoadedModManager.LoadModContent (System.Boolean hotReload) [0x00049] in <a61e96a8ed6f409dac0dded8f29844b6>:0  
(Filename: C:\buildslave\unity\build\Runtime/Export/Debug/Debug.bindings.h Line: 39)

Caught exception while loading play data but there are active mods other than Core. Resetting mods config and trying again.
The exception was: System.Threading.ThreadAbortException
  at Verse.LoadedModManager.LoadModContent (System.Boolean hotReload) [0x00080] in <a61e96a8ed6f409dac0dded8f29844b6>:0 
  at Verse.LoadedModManager.LoadAllActiveMods (System.Boolean hotReload) [0x0003b] in <a61e96a8ed6f409dac0dded8f29844b6>:0 
  at Verse.PlayDataLoader.DoPlayLoad () [0x00026] in <a61e96a8ed6f409dac0dded8f29844b6>:0 
  at Verse.PlayDataLoader.LoadAllPlayData (System.Boolean recovering) [0x0001c] in <a61e96a8ed6f409dac0dded8f29844b6>:0  
(Filename: C:\buildslave\unity\build\Runtime/Export/Debug/Debug.bindings.h Line: 39)

